<?xml version="1.0" encoding="UTF-8"?>
<!-- Generated by org.testng.reporters.JUnitReportReporter -->
<testsuite hostname="CTNDELL5FZVJB3" failures="0" tests="1" name="POST" time="3.964" errors="0" timestamp="06 jul. 2021 18:37:13 GMT" skipped="0">
  <testcase classname="POST" name="Test_02_POST" time="3.964"/>
</testsuite> <!-- POST -->
