<?xml version="1.0" encoding="UTF-8"?>
<!-- Generated by org.testng.reporters.JUnitReportReporter -->
<testsuite hostname="CTNDELL5FZVJB3" failures="0" tests="1" name="GET" time="4.465" errors="0" timestamp="06 jul. 2021 18:36:44 GMT" skipped="0">
  <testcase classname="GET" name="Test_01_GET" time="4.465"/>
</testsuite> <!-- GET -->
